<?xml version="1.0" encoding="UTF-8"?>
<!-- Generated by org.testng.reporters.JUnitReportReporter -->
<testsuite hostname="MOHAN" failures="0" tests="1" name="classEx.SampleTest" time="0.269" errors="0" timestamp="2023-04-05T11:00:21 IST" skipped="0">
  <testcase classname="classEx.SampleTest" name="f" time="0.269"/>
  <system-out/>
</testsuite> <!-- classEx.SampleTest -->
