<?xml version="1.0" encoding="UTF-8"?>
<!-- Generated by org.testng.reporters.JUnitReportReporter -->
<testsuite hostname="MOHAN" failures="0" tests="1" name="com.Testing.classEx.Task_03" time="65.099" errors="0" timestamp="2023-04-01T15:51:47 IST" skipped="0">
  <testcase classname="com.Testing.classEx.Task_03" name="f" time="65.099"/>
  <system-out/>
</testsuite> <!-- com.Testing.classEx.Task_03 -->
