<?xml version="1.0" encoding="UTF-8"?>
<!-- Generated by org.testng.reporters.JUnitReportReporter -->
<testsuite hostname="MOHAN" failures="0" tests="4" name="TestNGTesting.Task_02" time="0.041" errors="0" timestamp="2023-03-28T15:23:56 IST" skipped="0">
  <testcase classname="TestNGTesting.Task_02" name="Multiple" time="0.004"/>
  <system-out/>
  <testcase classname="TestNGTesting.Task_02" name="add" time="0.002"/>
  <system-out/>
  <testcase classname="TestNGTesting.Task_02" name="Division" time="0.033"/>
  <system-out/>
  <testcase classname="TestNGTesting.Task_02" name="subtraction" time="0.002"/>
  <system-out/>
</testsuite> <!-- TestNGTesting.Task_02 -->
