<?xml version="1.0" encoding="UTF-8"?>
<!-- Generated by org.testng.reporters.JUnitReportReporter -->
<testsuite hostname="MOHAN" failures="0" tests="1" name="TestNGTesting.TestMohan" time="7.836" errors="0" timestamp="2023-03-28T15:23:56 IST" skipped="0">
  <testcase classname="TestNGTesting.TestMohan" name="f" time="7.836"/>
  <system-out/>
</testsuite> <!-- TestNGTesting.TestMohan -->
