<?xml version="1.0" encoding="UTF-8"?>
<!-- Generated by org.testng.reporters.JUnitReportReporter -->
<testsuite hostname="MOHAN" failures="0" tests="1" name="com.classEx.ISuiteListener2" time="0.017" errors="0" timestamp="2023-04-01T14:21:52 IST" skipped="0">
  <testcase classname="com.classEx.ISuiteListener2" name="f" time="0.017"/>
  <system-out/>
</testsuite> <!-- com.classEx.ISuiteListener2 -->
