<?xml version="1.0" encoding="UTF-8"?>
<!-- Generated by org.testng.reporters.JUnitReportReporter -->
<testsuite hostname="MOHAN" failures="0" tests="1" name="com.classEx.practicelink" time="0.018" errors="0" timestamp="2023-04-01T11:04:41 IST" skipped="0">
  <testcase classname="com.classEx.practicelink" name="f" time="0.018"/>
  <system-out/>
</testsuite> <!-- com.classEx.practicelink -->
