<?xml version="1.0" encoding="UTF-8"?>
<!-- Generated by org.testng.reporters.JUnitReportReporter -->
<testsuite hostname="MOHAN" failures="0" tests="1" name="com.classEx.ITestListener2" time="0.016" errors="0" timestamp="2023-04-01T14:20:36 IST" skipped="0">
  <testcase classname="com.classEx.ITestListener2" name="f" time="0.016"/>
  <system-out/>
</testsuite> <!-- com.classEx.ITestListener2 -->
