<?xml version="1.0" encoding="UTF-8"?>
<!-- Generated by org.testng.reporters.JUnitReportReporter -->
<testsuite hostname="MOHAN" failures="0" tests="2" name="com.classEx.DataProviders" time="0.014" errors="0" timestamp="2023-04-01T15:13:55 IST" skipped="0">
  <testcase classname="com.classEx.DataProviders" name="testmethod" time="0.002"/>
  <system-out/>
  <testcase classname="com.classEx.DataProviders" name="testmethod" time="0.012"/>
  <system-out/>
</testsuite> <!-- com.classEx.DataProviders -->
