<?xml version="1.0" encoding="UTF-8"?>
<!-- Generated by org.testng.reporters.JUnitReportReporter -->
<testsuite hostname="MOHAN" failures="0" tests="4" name="Class_Exercise_Lab.Task_01" time="0.033" errors="0" timestamp="2023-04-03T09:40:41 IST" skipped="0">
  <testcase classname="Class_Exercise_Lab.Task_01" name="calculating" time="0.000"/>
  <system-out/>
  <testcase classname="Class_Exercise_Lab.Task_01" name="calculating" time="0.000"/>
  <system-out/>
  <testcase classname="Class_Exercise_Lab.Task_01" name="calculating" time="0.007"/>
  <system-out/>
  <testcase classname="Class_Exercise_Lab.Task_01" name="calculating" time="0.026"/>
  <system-out/>
</testsuite> <!-- Class_Exercise_Lab.Task_01 -->
