<?xml version="1.0" encoding="UTF-8"?>
<!-- Generated by org.testng.reporters.JUnitReportReporter -->
<testsuite hostname="MOHAN" failures="0" tests="1" name="com.Testing.reclass.NewTest" time="9.358" errors="0" timestamp="2023-05-27T21:06:02 IST" skipped="0">
  <testcase classname="com.Testing.reclass.NewTest" name="f" time="9.358"/>
  <system-out/>
</testsuite> <!-- com.Testing.reclass.NewTest -->
